[2026-06-23 09:36:56] INFO  === Sync started (incremental) === {"entities":["clients"]}
[2026-06-23 09:36:56] INFO  Starting sync: clients {"full":false}
[2026-06-23 09:36:58] INFO  Extracted 62 records {"entity":"clients"}
[2026-06-23 09:36:59] INFO  Finished sync: clients {"parent":62,"children":62}
[2026-06-23 09:46:31] INFO  === Sync started (incremental) === {"entities":["clients","orders","receivable","payable","services","products","crm_opportunities","crm_activities","categories","departments","projects","document_types","units","familias_produtos","billing_stages","vendedores","stock_locations","banks","parcelas","price_tables","crm_phases","crm_status","crm_origens","current_accounts","financial_movements","current_account_transactions","estoque_posicao","estoque_movimentos","orders_purchase","notas_entrada","nfe","crm_contatos"]}
[2026-06-23 09:46:31] INFO  Starting sync: clients {"full":false}
[2026-06-23 09:46:31] INFO  Incremental sync since 2026-06-23T12:36:59.221Z {"entity":"clients"}
[2026-06-23 09:46:32] INFO  Extracted 0 records {"entity":"clients"}
[2026-06-23 09:46:32] INFO  Finished sync: clients {"parent":0,"children":0}
[2026-06-23 09:46:32] INFO  Starting sync: orders {"full":false}
[2026-06-23 09:46:37] INFO  Extracted 31 records {"entity":"orders"}
[2026-06-23 09:46:37] INFO  Finished sync: orders {"parent":31,"children":235}
[2026-06-23 09:46:37] INFO  Starting sync: receivable {"full":false}
[2026-06-23 09:46:39] INFO  Extracted 80 records {"entity":"receivable"}
[2026-06-23 09:46:39] INFO  Finished sync: receivable {"parent":80,"children":0}
[2026-06-23 09:46:39] INFO  Starting sync: payable {"full":false}
[2026-06-23 09:46:44] INFO  Extracted 224 records {"entity":"payable"}
[2026-06-23 09:46:44] INFO  Finished sync: payable {"parent":224,"children":0}
[2026-06-23 09:46:44] INFO  Starting sync: services {"full":false}
[2026-06-23 09:46:45] INFO  Extracted 0 records {"entity":"services"}
[2026-06-23 09:46:45] INFO  Finished sync: services {"parent":0,"children":0}
[2026-06-23 09:46:45] INFO  Starting sync: products {"full":false}
[2026-06-23 09:46:48] INFO  Extracted 105 records {"entity":"products"}
[2026-06-23 09:46:48] INFO  Finished sync: products {"parent":105,"children":0}
[2026-06-23 09:46:48] INFO  Starting sync: crm_opportunities {"full":false}
[2026-06-23 09:46:49] INFO  Extracted 0 records {"entity":"crm_opportunities"}
[2026-06-23 09:46:49] INFO  Finished sync: crm_opportunities {"parent":0,"children":0}
[2026-06-23 09:46:49] INFO  Starting sync: crm_activities {"full":false}
[2026-06-23 09:46:49] INFO  Extracted 0 records {"entity":"crm_activities"}
[2026-06-23 09:46:49] INFO  Finished sync: crm_activities {"parent":0,"children":0}
[2026-06-23 09:46:49] INFO  Starting sync: categories {"full":false}
[2026-06-23 09:46:51] INFO  Extracted 147 records {"entity":"categories"}
[2026-06-23 09:46:53] INFO  Finished sync: categories {"parent":147,"children":0}
[2026-06-23 09:46:53] INFO  Starting sync: departments {"full":false}
[2026-06-23 09:46:53] INFO  Extracted 1 records {"entity":"departments"}
[2026-06-23 09:46:53] INFO  Finished sync: departments {"parent":1,"children":0}
[2026-06-23 09:46:53] INFO  Starting sync: projects {"full":false}
[2026-06-23 09:46:54] INFO  Extracted 0 records {"entity":"projects"}
[2026-06-23 09:46:54] INFO  Finished sync: projects {"parent":0,"children":0}
[2026-06-23 09:46:54] INFO  Starting sync: document_types {"full":false}
[2026-06-23 09:46:54] INFO  Extracted 286 records {"entity":"document_types"}
[2026-06-23 09:46:54] INFO  Finished sync: document_types {"parent":286,"children":0}
[2026-06-23 09:46:54] INFO  Starting sync: units {"full":false}
[2026-06-23 09:46:55] INFO  Extracted 594 records {"entity":"units"}
[2026-06-23 09:46:55] INFO  Finished sync: units {"parent":594,"children":0}
[2026-06-23 09:46:55] INFO  Starting sync: familias_produtos {"full":false}
[2026-06-23 09:46:55] INFO  Extracted 1 records {"entity":"familias_produtos"}
[2026-06-23 09:46:55] INFO  Finished sync: familias_produtos {"parent":1,"children":0}
[2026-06-23 09:46:55] INFO  Starting sync: billing_stages {"full":false}
[2026-06-23 09:46:56] INFO  Extracted 12 records {"entity":"billing_stages"}
[2026-06-23 09:46:56] INFO  Finished sync: billing_stages {"parent":12,"children":0}
[2026-06-23 09:46:56] INFO  Starting sync: vendedores {"full":false}
[2026-06-23 09:46:56] INFO  Extracted 0 records {"entity":"vendedores"}
[2026-06-23 09:46:56] INFO  Finished sync: vendedores {"parent":0,"children":0}
[2026-06-23 09:46:56] INFO  Starting sync: stock_locations {"full":false}
[2026-06-23 09:46:57] INFO  Extracted 4 records {"entity":"stock_locations"}
[2026-06-23 09:46:57] INFO  Finished sync: stock_locations {"parent":4,"children":0}
[2026-06-23 09:46:57] INFO  Starting sync: banks {"full":false}
[2026-06-23 09:47:13] INFO  Extracted 1220 records {"entity":"banks"}
[2026-06-23 09:47:13] INFO  Finished sync: banks {"parent":1220,"children":0}
[2026-06-23 09:47:13] INFO  Starting sync: parcelas {"full":false}
[2026-06-23 09:47:14] INFO  Extracted 32 records {"entity":"parcelas"}
[2026-06-23 09:47:14] INFO  Finished sync: parcelas {"parent":32,"children":0}
[2026-06-23 09:47:14] INFO  Starting sync: price_tables {"full":false}
[2026-06-23 09:47:15] INFO  Extracted 0 records {"entity":"price_tables"}
[2026-06-23 09:47:15] INFO  Finished sync: price_tables {"parent":0,"children":0}
[2026-06-23 09:47:15] INFO  Starting sync: crm_phases {"full":false}
[2026-06-23 09:47:15] INFO  Extracted 6 records {"entity":"crm_phases"}
[2026-06-23 09:47:15] INFO  Finished sync: crm_phases {"parent":6,"children":0}
[2026-06-23 09:47:15] INFO  Starting sync: crm_status {"full":false}
[2026-06-23 09:47:16] INFO  Extracted 5 records {"entity":"crm_status"}
[2026-06-23 09:47:16] INFO  Finished sync: crm_status {"parent":5,"children":0}
[2026-06-23 09:47:16] INFO  Starting sync: crm_origens {"full":false}
[2026-06-23 09:47:16] INFO  Extracted 8 records {"entity":"crm_origens"}
[2026-06-23 09:47:16] INFO  Finished sync: crm_origens {"parent":8,"children":0}
[2026-06-23 09:47:16] INFO  Starting sync: current_accounts {"full":false}
[2026-06-23 09:47:17] INFO  Extracted 7 records {"entity":"current_accounts"}
[2026-06-23 09:47:17] INFO  Finished sync: current_accounts {"parent":7,"children":0}
[2026-06-23 09:47:17] INFO  Starting sync: financial_movements {"full":false}
[2026-06-23 09:47:24] INFO  Extracted 296 records {"entity":"financial_movements"}
[2026-06-23 09:47:24] INFO  Finished sync: financial_movements {"parent":113,"children":0}
[2026-06-23 09:47:24] INFO  Starting sync: current_account_transactions {"full":false}
[2026-06-23 09:47:29] INFO  Extracted 279 records {"entity":"current_account_transactions"}
[2026-06-23 09:47:29] INFO  Finished sync: current_account_transactions {"parent":279,"children":0}
[2026-06-23 09:47:29] INFO  Starting sync: estoque_posicao {"full":false}
[2026-06-23 09:47:30] INFO  Extracted 32 records {"entity":"estoque_posicao"}
[2026-06-23 09:47:30] INFO  Finished sync: estoque_posicao {"parent":32,"children":0}
[2026-06-23 09:47:30] INFO  Starting sync: estoque_movimentos {"full":false}
[2026-06-23 09:47:30] INFO  Extracted 31 records {"entity":"estoque_movimentos"}
[2026-06-23 09:47:30] INFO  Finished sync: estoque_movimentos {"parent":31,"children":35}
[2026-06-23 09:47:30] INFO  Starting sync: orders_purchase {"full":false}
[2026-06-23 09:47:31] INFO  Extracted 0 records {"entity":"orders_purchase"}
[2026-06-23 09:47:31] INFO  Finished sync: orders_purchase {"parent":0,"children":0}
[2026-06-23 09:47:31] INFO  Starting sync: notas_entrada {"full":false}
[2026-06-23 09:47:32] INFO  Extracted 0 records {"entity":"notas_entrada"}
[2026-06-23 09:47:32] INFO  Finished sync: notas_entrada {"parent":0,"children":0}
[2026-06-23 09:47:32] INFO  Starting sync: nfe {"full":false}
[2026-06-23 09:47:35] INFO  Extracted 46 records {"entity":"nfe"}
[2026-06-23 09:47:35] INFO  Finished sync: nfe {"parent":46,"children":136}
[2026-06-23 09:47:35] INFO  Starting sync: crm_contatos {"full":false}
[2026-06-23 09:47:35] INFO  Extracted 0 records {"entity":"crm_contatos"}
[2026-06-23 09:47:35] INFO  Finished sync: crm_contatos {"parent":0,"children":0}
[2026-06-23 10:31:52] INFO  === Sync started (FULL) === {"entities":["products"]}
[2026-06-23 10:31:52] INFO  Starting sync: products {"full":true}
[2026-06-23 10:31:54] INFO  Extracted 105 records {"entity":"products"}
[2026-06-23 10:31:55] INFO  Finished sync: products {"parent":105,"children":0}
[2026-06-23 10:32:33] INFO  === Sync started (FULL) === {"entities":["clients","orders","receivable","payable","services","products","crm_opportunities","crm_activities","categories","departments","projects","document_types","units","familias_produtos","billing_stages","vendedores","stock_locations","banks","parcelas","price_tables","crm_phases","crm_status","crm_origens","current_accounts","financial_movements","current_account_transactions","estoque_posicao","estoque_movimentos","orders_purchase","notas_entrada","nfe","crm_contatos"]}
[2026-06-23 10:32:33] INFO  Starting sync: clients {"full":true}
[2026-06-23 10:32:34] INFO  Extracted 62 records {"entity":"clients"}
[2026-06-23 10:32:34] INFO  Finished sync: clients {"parent":62,"children":62}
[2026-06-23 10:32:34] INFO  Starting sync: orders {"full":true}
[2026-06-23 10:32:39] INFO  Extracted 31 records {"entity":"orders"}
[2026-06-23 10:33:01] INFO  Finished sync: orders {"parent":31,"children":235}
[2026-06-23 10:33:01] INFO  Starting sync: receivable {"full":true}
[2026-06-23 10:33:02] INFO  Extracted 80 records {"entity":"receivable"}
[2026-06-23 10:33:02] INFO  Finished sync: receivable {"parent":80,"children":0}
[2026-06-23 10:33:02] INFO  Starting sync: payable {"full":true}
[2026-06-23 10:33:06] INFO  Extracted 224 records {"entity":"payable"}
[2026-06-23 10:33:07] INFO  Finished sync: payable {"parent":224,"children":0}
[2026-06-23 10:33:07] INFO  Starting sync: services {"full":true}
[2026-06-23 10:33:08] INFO  Extracted 0 records {"entity":"services"}
[2026-06-23 10:33:08] INFO  Finished sync: services {"parent":0,"children":0}
[2026-06-23 10:33:08] INFO  Starting sync: products {"full":true}
[2026-06-23 10:33:20] INFO  Extracted 105 records {"entity":"products"}
[2026-06-23 10:33:21] INFO  Finished sync: products {"parent":105,"children":0}
[2026-06-23 10:33:21] INFO  Starting sync: crm_opportunities {"full":true}
[2026-06-23 10:33:21] INFO  Extracted 0 records {"entity":"crm_opportunities"}
[2026-06-23 10:33:21] INFO  Finished sync: crm_opportunities {"parent":0,"children":0}
[2026-06-23 10:33:21] INFO  Starting sync: crm_activities {"full":true}
[2026-06-23 10:33:21] INFO  Extracted 0 records {"entity":"crm_activities"}
[2026-06-23 10:33:21] INFO  Finished sync: crm_activities {"parent":0,"children":0}
[2026-06-23 10:33:21] INFO  Starting sync: categories {"full":true}
[2026-06-23 10:33:23] INFO  Extracted 147 records {"entity":"categories"}
[2026-06-23 10:33:23] INFO  Finished sync: categories {"parent":147,"children":0}
[2026-06-23 10:33:23] INFO  Starting sync: departments {"full":true}
[2026-06-23 10:33:24] INFO  Extracted 1 records {"entity":"departments"}
[2026-06-23 10:33:24] INFO  Finished sync: departments {"parent":1,"children":0}
[2026-06-23 10:33:24] INFO  Starting sync: projects {"full":true}
[2026-06-23 10:33:24] INFO  Extracted 0 records {"entity":"projects"}
[2026-06-23 10:33:24] INFO  Finished sync: projects {"parent":0,"children":0}
[2026-06-23 10:33:24] INFO  Starting sync: document_types {"full":true}
[2026-06-23 10:33:24] INFO  Extracted 286 records {"entity":"document_types"}
[2026-06-23 10:33:24] INFO  Finished sync: document_types {"parent":286,"children":0}
[2026-06-23 10:33:24] INFO  Starting sync: units {"full":true}
[2026-06-23 10:33:25] INFO  Extracted 594 records {"entity":"units"}
[2026-06-23 10:33:25] INFO  Finished sync: units {"parent":594,"children":0}
[2026-06-23 10:33:25] INFO  Starting sync: familias_produtos {"full":true}
[2026-06-23 10:33:25] INFO  Extracted 1 records {"entity":"familias_produtos"}
[2026-06-23 10:33:25] INFO  Finished sync: familias_produtos {"parent":1,"children":0}
[2026-06-23 10:33:25] INFO  Starting sync: billing_stages {"full":true}
[2026-06-23 10:33:25] INFO  Extracted 12 records {"entity":"billing_stages"}
[2026-06-23 10:33:25] INFO  Finished sync: billing_stages {"parent":12,"children":0}
[2026-06-23 10:33:25] INFO  Starting sync: vendedores {"full":true}
[2026-06-23 10:33:26] INFO  Extracted 0 records {"entity":"vendedores"}
[2026-06-23 10:33:26] INFO  Finished sync: vendedores {"parent":0,"children":0}
[2026-06-23 10:33:26] INFO  Starting sync: stock_locations {"full":true}
[2026-06-23 10:33:26] INFO  Extracted 4 records {"entity":"stock_locations"}
[2026-06-23 10:33:26] INFO  Finished sync: stock_locations {"parent":4,"children":0}
[2026-06-23 10:33:26] INFO  Starting sync: banks {"full":true}
[2026-06-23 10:33:39] INFO  Extracted 1220 records {"entity":"banks"}
[2026-06-23 10:33:40] INFO  Finished sync: banks {"parent":1220,"children":0}
[2026-06-23 10:33:40] INFO  Starting sync: parcelas {"full":true}
[2026-06-23 10:33:40] INFO  Extracted 32 records {"entity":"parcelas"}
[2026-06-23 10:33:40] INFO  Finished sync: parcelas {"parent":32,"children":0}
[2026-06-23 10:33:40] INFO  Starting sync: price_tables {"full":true}
[2026-06-23 10:33:40] INFO  Extracted 0 records {"entity":"price_tables"}
[2026-06-23 10:33:40] INFO  Finished sync: price_tables {"parent":0,"children":0}
[2026-06-23 10:33:40] INFO  Starting sync: crm_phases {"full":true}
[2026-06-23 10:33:41] INFO  Extracted 6 records {"entity":"crm_phases"}
[2026-06-23 10:33:41] INFO  Finished sync: crm_phases {"parent":6,"children":0}
[2026-06-23 10:33:41] INFO  Starting sync: crm_status {"full":true}
[2026-06-23 10:33:41] INFO  Extracted 5 records {"entity":"crm_status"}
[2026-06-23 10:33:41] INFO  Finished sync: crm_status {"parent":5,"children":0}
[2026-06-23 10:33:41] INFO  Starting sync: crm_origens {"full":true}
[2026-06-23 10:33:41] INFO  Extracted 8 records {"entity":"crm_origens"}
[2026-06-23 10:33:41] INFO  Finished sync: crm_origens {"parent":8,"children":0}
[2026-06-23 10:33:41] INFO  Starting sync: current_accounts {"full":true}
[2026-06-23 10:33:42] INFO  Extracted 7 records {"entity":"current_accounts"}
[2026-06-23 10:33:42] INFO  Finished sync: current_accounts {"parent":7,"children":0}
[2026-06-23 10:33:42] INFO  Starting sync: financial_movements {"full":true}
[2026-06-23 10:33:47] INFO  Extracted 296 records {"entity":"financial_movements"}
[2026-06-23 10:33:48] INFO  Finished sync: financial_movements {"parent":113,"children":0}
[2026-06-23 10:33:48] INFO  Starting sync: current_account_transactions {"full":true}
[2026-06-23 10:33:51] INFO  Extracted 279 records {"entity":"current_account_transactions"}
[2026-06-23 10:33:52] INFO  Finished sync: current_account_transactions {"parent":279,"children":0}
[2026-06-23 10:33:52] INFO  Starting sync: estoque_posicao {"full":true}
[2026-06-23 10:33:52] INFO  Extracted 32 records {"entity":"estoque_posicao"}
[2026-06-23 10:33:52] INFO  Finished sync: estoque_posicao {"parent":32,"children":0}
[2026-06-23 10:33:52] INFO  Starting sync: estoque_movimentos {"full":true}
[2026-06-23 10:33:52] INFO  Extracted 31 records {"entity":"estoque_movimentos"}
[2026-06-23 10:33:52] INFO  Finished sync: estoque_movimentos {"parent":31,"children":35}
[2026-06-23 10:33:52] INFO  Starting sync: orders_purchase {"full":true}
[2026-06-23 10:33:53] INFO  Extracted 0 records {"entity":"orders_purchase"}
[2026-06-23 10:33:53] INFO  Finished sync: orders_purchase {"parent":0,"children":0}
[2026-06-23 10:33:53] INFO  Starting sync: notas_entrada {"full":true}
[2026-06-23 10:33:54] INFO  Extracted 0 records {"entity":"notas_entrada"}
[2026-06-23 10:33:54] INFO  Finished sync: notas_entrada {"parent":0,"children":0}
[2026-06-23 10:33:54] INFO  Starting sync: nfe {"full":true}
[2026-06-23 10:33:56] INFO  Extracted 46 records {"entity":"nfe"}
[2026-06-23 10:33:57] INFO  Finished sync: nfe {"parent":46,"children":136}
[2026-06-23 10:33:57] INFO  Starting sync: crm_contatos {"full":true}
[2026-06-23 10:33:57] INFO  Extracted 0 records {"entity":"crm_contatos"}
[2026-06-23 10:33:57] INFO  Finished sync: crm_contatos {"parent":0,"children":0}
[2026-06-23 10:35:23] INFO  === Sync started (incremental) === {"entities":["clients","orders","receivable","payable","services","products","crm_opportunities","crm_activities","categories","departments","projects","document_types","units","familias_produtos","billing_stages","vendedores","stock_locations","banks","parcelas","price_tables","crm_phases","crm_status","crm_origens","current_accounts","financial_movements","current_account_transactions","estoque_posicao","estoque_movimentos","orders_purchase","notas_entrada","nfe","crm_contatos"]}
[2026-06-23 10:35:23] INFO  Starting sync: clients {"full":false}
[2026-06-23 10:35:23] INFO  Incremental sync since 2026-06-23T13:32:34.885Z {"entity":"clients"}
[2026-06-23 10:35:24] INFO  Extracted 0 records {"entity":"clients"}
[2026-06-23 10:35:24] INFO  Finished sync: clients {"parent":0,"children":0}
[2026-06-23 10:35:24] INFO  Starting sync: orders {"full":false}
[2026-06-23 10:35:24] INFO  Incremental sync since 2026-06-23T13:33:00.986Z {"entity":"orders"}
[2026-06-23 10:35:26] INFO  Extracted 0 records {"entity":"orders"}
[2026-06-23 10:35:26] INFO  Finished sync: orders {"parent":0,"children":0}
[2026-06-23 10:35:26] INFO  Starting sync: receivable {"full":false}
[2026-06-23 10:35:27] INFO  Incremental sync since 2026-06-23T13:33:02.618Z {"entity":"receivable"}
[2026-06-23 10:35:27] INFO  Extracted 0 records {"entity":"receivable"}
[2026-06-23 10:35:27] INFO  Finished sync: receivable {"parent":0,"children":0}
[2026-06-23 10:35:27] INFO  Starting sync: payable {"full":false}
[2026-06-23 10:35:27] INFO  Incremental sync since 2026-06-23T13:33:07.227Z {"entity":"payable"}
[2026-06-23 10:35:28] INFO  Extracted 0 records {"entity":"payable"}
[2026-06-23 10:35:28] INFO  Finished sync: payable {"parent":0,"children":0}
[2026-06-23 10:35:28] INFO  Starting sync: services {"full":false}
[2026-06-23 10:35:28] INFO  Incremental sync since 2026-06-23T13:33:08.000Z {"entity":"services"}
[2026-06-23 10:35:28] INFO  Extracted 0 records {"entity":"services"}
[2026-06-23 10:35:28] INFO  Finished sync: services {"parent":0,"children":0}
[2026-06-23 10:35:28] INFO  Starting sync: products {"full":false}
[2026-06-23 10:35:28] INFO  Incremental sync since 2026-06-23T13:33:21.115Z {"entity":"products"}
[2026-06-23 10:35:29] INFO  Extracted 0 records {"entity":"products"}
[2026-06-23 10:35:29] INFO  Finished sync: products {"parent":0,"children":0}
[2026-06-23 10:35:29] INFO  Starting sync: crm_opportunities {"full":false}
[2026-06-23 10:35:29] INFO  Incremental sync since 2026-06-23T13:33:21.569Z {"entity":"crm_opportunities"}
[2026-06-23 10:35:29] INFO  Extracted 0 records {"entity":"crm_opportunities"}
[2026-06-23 10:35:29] INFO  Finished sync: crm_opportunities {"parent":0,"children":0}
[2026-06-23 10:35:29] INFO  Starting sync: crm_activities {"full":false}
[2026-06-23 10:35:29] INFO  Incremental sync since 2026-06-23T13:33:21.917Z {"entity":"crm_activities"}
[2026-06-23 10:35:30] INFO  Extracted 0 records {"entity":"crm_activities"}
[2026-06-23 10:35:30] INFO  Finished sync: crm_activities {"parent":0,"children":0}
[2026-06-23 10:35:30] INFO  Starting sync: categories {"full":false}
[2026-06-23 10:35:30] INFO  Incremental sync since 2026-06-23T13:33:23.575Z {"entity":"categories"}
[2026-06-23 10:35:31] INFO  Extracted 147 records {"entity":"categories"}
[2026-06-23 10:35:32] INFO  Finished sync: categories {"parent":147,"children":0}
[2026-06-23 10:35:32] INFO  Starting sync: departments {"full":false}
[2026-06-23 10:35:32] INFO  Incremental sync since 2026-06-23T13:33:24.207Z {"entity":"departments"}
[2026-06-23 10:35:32] INFO  Extracted 1 records {"entity":"departments"}
[2026-06-23 10:35:32] INFO  Finished sync: departments {"parent":1,"children":0}
[2026-06-23 10:35:32] INFO  Starting sync: projects {"full":false}
[2026-06-23 10:35:32] INFO  Incremental sync since 2026-06-23T13:33:24.495Z {"entity":"projects"}
[2026-06-23 10:35:32] INFO  Extracted 0 records {"entity":"projects"}
[2026-06-23 10:35:32] INFO  Finished sync: projects {"parent":0,"children":0}
[2026-06-23 10:35:32] INFO  Starting sync: document_types {"full":false}
[2026-06-23 10:35:32] INFO  Incremental sync since 2026-06-23T13:33:24.899Z {"entity":"document_types"}
[2026-06-23 10:35:33] INFO  Extracted 286 records {"entity":"document_types"}
[2026-06-23 10:35:33] INFO  Finished sync: document_types {"parent":286,"children":0}
[2026-06-23 10:35:33] INFO  Starting sync: units {"full":false}
[2026-06-23 10:35:33] INFO  Incremental sync since 2026-06-23T13:33:25.397Z {"entity":"units"}
[2026-06-23 10:35:33] INFO  Extracted 594 records {"entity":"units"}
[2026-06-23 10:35:33] INFO  Finished sync: units {"parent":594,"children":0}
[2026-06-23 10:35:33] INFO  Starting sync: familias_produtos {"full":false}
[2026-06-23 10:35:33] INFO  Incremental sync since 2026-06-23T13:33:25.667Z {"entity":"familias_produtos"}
[2026-06-23 10:35:34] INFO  Extracted 1 records {"entity":"familias_produtos"}
[2026-06-23 10:35:34] INFO  Finished sync: familias_produtos {"parent":1,"children":0}
[2026-06-23 10:35:34] INFO  Starting sync: billing_stages {"full":false}
[2026-06-23 10:35:34] INFO  Incremental sync since 2026-06-23T13:33:25.927Z {"entity":"billing_stages"}
[2026-06-23 10:35:34] INFO  Extracted 12 records {"entity":"billing_stages"}
[2026-06-23 10:35:34] INFO  Finished sync: billing_stages {"parent":12,"children":0}
[2026-06-23 10:35:34] INFO  Starting sync: vendedores {"full":false}
[2026-06-23 10:35:34] INFO  Incremental sync since 2026-06-23T13:33:26.236Z {"entity":"vendedores"}
[2026-06-23 10:35:34] INFO  Extracted 0 records {"entity":"vendedores"}
[2026-06-23 10:35:34] INFO  Finished sync: vendedores {"parent":0,"children":0}
[2026-06-23 10:35:34] INFO  Starting sync: stock_locations {"full":false}
[2026-06-23 10:35:34] INFO  Incremental sync since 2026-06-23T13:33:26.566Z {"entity":"stock_locations"}
[2026-06-23 10:35:35] INFO  Extracted 4 records {"entity":"stock_locations"}
[2026-06-23 10:35:35] INFO  Finished sync: stock_locations {"parent":4,"children":0}
[2026-06-23 10:35:35] INFO  Starting sync: banks {"full":false}
[2026-06-23 10:35:35] INFO  Incremental sync since 2026-06-23T13:33:40.073Z {"entity":"banks"}
[2026-06-23 10:35:49] INFO  Extracted 1220 records {"entity":"banks"}
[2026-06-23 10:35:50] INFO  Finished sync: banks {"parent":1220,"children":0}
[2026-06-23 10:35:50] INFO  Starting sync: parcelas {"full":false}
[2026-06-23 10:35:50] INFO  Incremental sync since 2026-06-23T13:33:40.437Z {"entity":"parcelas"}
[2026-06-23 10:35:50] INFO  Extracted 32 records {"entity":"parcelas"}
[2026-06-23 10:35:50] INFO  Finished sync: parcelas {"parent":32,"children":0}
[2026-06-23 10:35:50] INFO  Starting sync: price_tables {"full":false}
[2026-06-23 10:35:50] INFO  Incremental sync since 2026-06-23T13:33:40.815Z {"entity":"price_tables"}
[2026-06-23 10:35:50] INFO  Extracted 0 records {"entity":"price_tables"}
[2026-06-23 10:35:51] INFO  Finished sync: price_tables {"parent":0,"children":0}
[2026-06-23 10:35:51] INFO  Starting sync: crm_phases {"full":false}
[2026-06-23 10:35:51] INFO  Incremental sync since 2026-06-23T13:33:41.121Z {"entity":"crm_phases"}
[2026-06-23 10:35:51] INFO  Extracted 6 records {"entity":"crm_phases"}
[2026-06-23 10:35:51] INFO  Finished sync: crm_phases {"parent":6,"children":0}
[2026-06-23 10:35:51] INFO  Starting sync: crm_status {"full":false}
[2026-06-23 10:35:51] INFO  Incremental sync since 2026-06-23T13:33:41.424Z {"entity":"crm_status"}
[2026-06-23 10:35:51] INFO  Extracted 5 records {"entity":"crm_status"}
[2026-06-23 10:35:52] INFO  Finished sync: crm_status {"parent":5,"children":0}
[2026-06-23 10:35:52] INFO  Starting sync: crm_origens {"full":false}
[2026-06-23 10:35:52] INFO  Incremental sync since 2026-06-23T13:33:41.705Z {"entity":"crm_origens"}
[2026-06-23 10:35:52] INFO  Extracted 8 records {"entity":"crm_origens"}
[2026-06-23 10:35:52] INFO  Finished sync: crm_origens {"parent":8,"children":0}
[2026-06-23 10:35:52] INFO  Starting sync: current_accounts {"full":false}
[2026-06-23 10:35:52] INFO  Incremental sync since 2026-06-23T13:33:42.117Z {"entity":"current_accounts"}
[2026-06-23 10:35:52] INFO  Extracted 7 records {"entity":"current_accounts"}
[2026-06-23 10:35:52] INFO  Finished sync: current_accounts {"parent":7,"children":0}
[2026-06-23 10:35:52] INFO  Starting sync: financial_movements {"full":false}
[2026-06-23 10:35:52] INFO  Incremental sync since 2026-06-23T13:33:48.090Z {"entity":"financial_movements"}
[2026-06-23 10:35:53] INFO  Extracted 0 records {"entity":"financial_movements"}
[2026-06-23 10:35:53] INFO  Finished sync: financial_movements {"parent":0,"children":0}
[2026-06-23 10:35:53] INFO  Starting sync: current_account_transactions {"full":false}
[2026-06-23 10:35:53] INFO  Incremental sync since 2026-06-23T13:33:51.972Z {"entity":"current_account_transactions"}
[2026-06-23 10:35:53] INFO  Extracted 0 records {"entity":"current_account_transactions"}
[2026-06-23 10:35:53] INFO  Finished sync: current_account_transactions {"parent":0,"children":0}
[2026-06-23 10:35:53] INFO  Starting sync: estoque_posicao {"full":false}
[2026-06-23 10:35:53] INFO  Incremental sync since 2026-06-23T13:33:52.432Z {"entity":"estoque_posicao"}
[2026-06-23 10:35:54] INFO  Extracted 32 records {"entity":"estoque_posicao"}
[2026-06-23 10:35:54] INFO  Finished sync: estoque_posicao {"parent":32,"children":0}
[2026-06-23 10:35:54] INFO  Starting sync: estoque_movimentos {"full":false}
[2026-06-23 10:35:54] INFO  Incremental sync since 2026-06-23T13:33:52.822Z {"entity":"estoque_movimentos"}
[2026-06-23 10:35:54] INFO  Extracted 0 records {"entity":"estoque_movimentos"}
[2026-06-23 10:35:54] INFO  Finished sync: estoque_movimentos {"parent":0,"children":0}
[2026-06-23 10:35:54] INFO  Starting sync: orders_purchase {"full":false}
[2026-06-23 10:35:54] INFO  Incremental sync since 2026-06-23T13:33:53.376Z {"entity":"orders_purchase"}
[2026-06-23 10:35:55] INFO  Extracted 0 records {"entity":"orders_purchase"}
[2026-06-23 10:35:55] INFO  Finished sync: orders_purchase {"parent":0,"children":0}
[2026-06-23 10:35:55] INFO  Starting sync: notas_entrada {"full":false}
[2026-06-23 10:35:55] INFO  Incremental sync since 2026-06-23T13:33:54.510Z {"entity":"notas_entrada"}
[2026-06-23 10:35:56] INFO  Extracted 0 records {"entity":"notas_entrada"}
[2026-06-23 10:35:56] INFO  Finished sync: notas_entrada {"parent":0,"children":0}
[2026-06-23 10:35:56] INFO  Starting sync: nfe {"full":false}
[2026-06-23 10:35:56] INFO  Incremental sync since 2026-06-23T13:33:57.188Z {"entity":"nfe"}
[2026-06-23 10:35:57] INFO  Extracted 0 records {"entity":"nfe"}
[2026-06-23 10:35:57] INFO  Finished sync: nfe {"parent":0,"children":0}
[2026-06-23 10:35:57] INFO  Starting sync: crm_contatos {"full":false}
[2026-06-23 10:35:57] INFO  Incremental sync since 2026-06-23T13:33:57.485Z {"entity":"crm_contatos"}
[2026-06-23 10:35:57] INFO  Extracted 0 records {"entity":"crm_contatos"}
[2026-06-23 10:35:57] INFO  Finished sync: crm_contatos {"parent":0,"children":0}
